<?xml version="1.0" encoding="UTF-8"?>
<testsuite name="edu.jsu.mcis.ArgsParserTest" tests="8" skipped="0" failures="0" errors="0" timestamp="2016-02-12T06:24:29" hostname="AdamsPC" time="0.026">
  <properties/>
  <testcase name="testDescriptionIsAdded" classname="edu.jsu.mcis.ArgsParserTest" time="0.01"/>
  <testcase name="testArgumentIsAddedCorrectly" classname="edu.jsu.mcis.ArgsParserTest" time="0.0"/>
  <testcase name="testArgumentValueIsParsedCorrectly" classname="edu.jsu.mcis.ArgsParserTest" time="0.001"/>
  <testcase name="testProgramNameIsAddedCorrectly" classname="edu.jsu.mcis.ArgsParserTest" time="0.0"/>
  <testcase name="testNewInstanceHasNoArguments" classname="edu.jsu.mcis.ArgsParserTest" time="0.0"/>
  <testcase name="testExceptionIsThrownWhenTooManyArguments" classname="edu.jsu.mcis.ArgsParserTest" time="0.005"/>
  <testcase name="testHelpExceptionIsThrown" classname="edu.jsu.mcis.ArgsParserTest" time="0.002"/>
  <testcase name="testExceptionIsThrownWhenTooFewArguments" classname="edu.jsu.mcis.ArgsParserTest" time="0.003"/>
  <system-out><![CDATA[usage: java VolumeCalculator length width height
VolumeCalculator.java: error: unrecognized arguments: 42
usage: java VolumeCalculator length width height
Calculate the volume of a box
usage: java VolumeCalculator height
VolumeCalculator.java: error: the following arguments are required: height
]]></system-out>
  <system-err><![CDATA[]]></system-err>
</testsuite>
