<?xml version="1.0" encoding="UTF-8"?>
<robot generator="Robot 2.9 (Jython 2.7.0 on java1.8.0_60)" generated="20160224 16:49:50.652">
<suite source="C:\Users\Cody\Desktop\CS310-Software-Engineering-I\acceptance\ArgsParserTests.txt" name="ArgsParserTests" id="s1">
<test name="Test Volume Calculator Normal Function" id="s1-t1">
<kw library="ArgsParserKeywords" name="Start Volume Calculator With Arguments">
<arguments>
<arg>7</arg>
<arg>5</arg>
<arg>2</arg>
</arguments>
<status endtime="20160224 16:49:57.222" starttime="20160224 16:49:57.182" status="PASS"></status>
</kw>
<kw library="ArgsParserKeywords" name="Get Length">
<assign>
<var>${length}</var>
</assign>
<msg level="INFO" timestamp="20160224 16:49:57.280">${length} = 7.0</msg>
<status endtime="20160224 16:49:57.285" starttime="20160224 16:49:57.251" status="PASS"></status>
</kw>
<kw library="BuiltIn" name="Should Be Equal As Numbers">
<doc>Fails if objects are unequal after converting them to real numbers.</doc>
<arguments>
<arg>${length}</arg>
<arg>7.0</arg>
</arguments>
<status endtime="20160224 16:49:57.410" starttime="20160224 16:49:57.318" status="PASS"></status>
</kw>
<kw library="ArgsParserKeywords" name="Get Width">
<assign>
<var>${width}</var>
</assign>
<msg level="INFO" timestamp="20160224 16:49:57.522">${width} = 5.0</msg>
<status endtime="20160224 16:49:57.530" starttime="20160224 16:49:57.471" status="PASS"></status>
</kw>
<kw library="BuiltIn" name="Should Be Equal As Numbers">
<doc>Fails if objects are unequal after converting them to real numbers.</doc>
<arguments>
<arg>5.0</arg>
<arg>${width}</arg>
</arguments>
<status endtime="20160224 16:49:57.669" starttime="20160224 16:49:57.620" status="PASS"></status>
</kw>
<kw library="ArgsParserKeywords" name="Get Height">
<assign>
<var>${height}</var>
</assign>
<msg level="INFO" timestamp="20160224 16:49:57.795">${height} = 2.0</msg>
<status endtime="20160224 16:49:57.800" starttime="20160224 16:49:57.762" status="PASS"></status>
</kw>
<kw library="BuiltIn" name="Should Be Equal As Numbers">
<doc>Fails if objects are unequal after converting them to real numbers.</doc>
<arguments>
<arg>2.0</arg>
<arg>${height}</arg>
</arguments>
<status endtime="20160224 16:49:57.971" starttime="20160224 16:49:57.858" status="PASS"></status>
</kw>
<kw library="ArgsParserKeywords" name="Get Program Output">
<assign>
<var>${output}</var>
</assign>
<msg level="INFO" timestamp="20160224 16:49:58.028">${output} = 70.0</msg>
<status endtime="20160224 16:49:58.036" starttime="20160224 16:49:57.993" status="PASS"></status>
</kw>
<kw library="BuiltIn" name="Should Be Equal As Numbers">
<doc>Fails if objects are unequal after converting them to real numbers.</doc>
<arguments>
<arg>${output}</arg>
<arg>70.0</arg>
</arguments>
<status endtime="20160224 16:49:58.118" starttime="20160224 16:49:58.056" status="PASS"></status>
</kw>
<status critical="yes" endtime="20160224 16:49:58.236" starttime="20160224 16:49:57.065" status="PASS"></status>
</test>
<test name="Test Unrecognized Argument" id="s1-t2">
<kw library="ArgsParserKeywords" name="Start Volume Calculator With Arguments">
<arguments>
<arg>7</arg>
<arg>5</arg>
<arg>2</arg>
<arg>43</arg>
</arguments>
<msg level="INFO" timestamp="20160224 16:49:58.419">usage: java VolumeCalculator length width height
VolumeCalculator.java: error: unrecognized arguments: 43</msg>
<status endtime="20160224 16:49:58.438" starttime="20160224 16:49:58.355" status="PASS"></status>
</kw>
<kw library="ArgsParserKeywords" name="Get Program Output">
<assign>
<var>${output}</var>
</assign>
<msg level="INFO" timestamp="20160224 16:49:58.476">${output} = usage: java VolumeCalculator length width height
VolumeCalculator.java: error: unrecognized arguments: 43</msg>
<status endtime="20160224 16:49:58.485" starttime="20160224 16:49:58.456" status="PASS"></status>
</kw>
<kw library="BuiltIn" name="Should Be Equal">
<doc>Fails if the given objects are unequal.</doc>
<arguments>
<arg>${output}</arg>
<arg>${expected}</arg>
</arguments>
<status endtime="20160224 16:49:58.587" starttime="20160224 16:49:58.516" status="PASS"></status>
</kw>
<status critical="yes" endtime="20160224 16:49:58.606" starttime="20160224 16:49:58.269" status="PASS"></status>
</test>
<test name="Test Absurd Program Normal Function" id="s1-t3">
<kw library="ArgsParserKeywords" name="Start Absurd Program With Arguments">
<arguments>
<arg>dog</arg>
<arg>2</arg>
<arg>true</arg>
<arg>3.5</arg>
</arguments>
<status endtime="20160224 16:49:58.842" starttime="20160224 16:49:58.784" status="PASS"></status>
</kw>
<kw library="ArgsParserKeywords" name="Get Pet">
<assign>
<var>${pet}</var>
</assign>
<msg level="INFO" timestamp="20160224 16:49:58.904">${pet} = dog</msg>
<status endtime="20160224 16:49:58.923" starttime="20160224 16:49:58.876" status="PASS"></status>
</kw>
<kw library="BuiltIn" name="Should Be Equal">
<doc>Fails if the given objects are unequal.</doc>
<arguments>
<arg>dog</arg>
<arg>${pet}</arg>
</arguments>
<status endtime="20160224 16:49:58.985" starttime="20160224 16:49:58.946" status="PASS"></status>
</kw>
<kw library="ArgsParserKeywords" name="Get Number">
<assign>
<var>${number}</var>
</assign>
<msg level="INFO" timestamp="20160224 16:49:59.051">${number} = 2</msg>
<status endtime="20160224 16:49:59.068" starttime="20160224 16:49:59.031" status="PASS"></status>
</kw>
<kw library="BuiltIn" name="Should Be Equal">
<doc>Fails if the given objects are unequal.</doc>
<arguments>
<arg>2</arg>
<arg>${number}</arg>
</arguments>
<status endtime="20160224 16:49:59.119" starttime="20160224 16:49:59.087" status="PASS"></status>
</kw>
<kw library="ArgsParserKeywords" name="Get Rainy">
<assign>
<var>${rainy}</var>
</assign>
<msg level="INFO" timestamp="20160224 16:49:59.184">${rainy} = true</msg>
<status endtime="20160224 16:49:59.186" starttime="20160224 16:49:59.154" status="PASS"></status>
</kw>
<kw library="BuiltIn" name="Should Be Equal">
<doc>Fails if the given objects are unequal.</doc>
<arguments>
<arg>true</arg>
<arg>${rainy}</arg>
</arguments>
<status endtime="20160224 16:49:59.238" starttime="20160224 16:49:59.218" status="PASS"></status>
</kw>
<kw library="ArgsParserKeywords" name="Get Bathrooms">
<assign>
<var>${bathrooms}</var>
</assign>
<msg level="INFO" timestamp="20160224 16:49:59.293">${bathrooms} = 3.5</msg>
<status endtime="20160224 16:49:59.300" starttime="20160224 16:49:59.247" status="PASS"></status>
</kw>
<kw library="BuiltIn" name="Should Be Equal">
<doc>Fails if the given objects are unequal.</doc>
<arguments>
<arg>3.5</arg>
<arg>${bathrooms}</arg>
</arguments>
<status endtime="20160224 16:49:59.456" starttime="20160224 16:49:59.311" status="PASS"></status>
</kw>
<status critical="yes" endtime="20160224 16:49:59.603" starttime="20160224 16:49:58.727" status="PASS"></status>
</test>
<test name="Test Usage Message" id="s1-t4">
<kw library="ArgsParserKeywords" name="Start Program With Arguments">
<arguments>
<arg>-h</arg>
</arguments>
<msg level="INFO" timestamp="20160224 16:49:59.687">usage: java VolumeCalculator length width height
Calculate the volume of a box.
positional arguments:
length the length of the box(float)
width the width of the box(float)
height the height of the box(float)</msg>
<status endtime="20160224 16:49:59.702" starttime="20160224 16:49:59.665" status="PASS"></status>
</kw>
<kw library="ArgsParserKeywords" name="Get Program Output">
<assign>
<var>${output}</var>
</assign>
<msg level="INFO" timestamp="20160224 16:49:59.767">${output} = usage: java VolumeCalculator length width height
Calculate the volume of a box.
positional arguments:
length the length of the box(float)
width the width of the box(float)
height the height of the box...</msg>
<status endtime="20160224 16:49:59.771" starttime="20160224 16:49:59.741" status="PASS"></status>
</kw>
<kw library="BuiltIn" name="Should Be Equal">
<doc>Fails if the given objects are unequal.</doc>
<arguments>
<arg>${expected2}</arg>
<arg>${output}</arg>
</arguments>
<status endtime="20160224 16:49:59.855" starttime="20160224 16:49:59.808" status="PASS"></status>
</kw>
<status critical="yes" endtime="20160224 16:49:59.882" starttime="20160224 16:49:59.634" status="PASS"></status>
</test>
<test name="Test Incorrect Datatype Message" id="s1-t5">
<kw library="ArgsParserKeywords" name="Start Program With Arguments">
<arguments>
<arg>7</arg>
<arg>something</arg>
<arg>2</arg>
</arguments>
<status endtime="20160224 16:50:00.076" starttime="20160224 16:50:00.039" status="PASS"></status>
</kw>
<kw library="ArgsParserKeywords" name="Get Program Output">
<assign>
<var>${output}</var>
</assign>
<msg level="INFO" timestamp="20160224 16:50:00.187">${output} =  </msg>
<status endtime="20160224 16:50:00.190" starttime="20160224 16:50:00.135" status="PASS"></status>
</kw>
<kw library="BuiltIn" name="Should Be Equal">
<doc>Fails if the given objects are unequal.</doc>
<arguments>
<arg>${output}</arg>
<arg>${expected3}</arg>
</arguments>
<msg level="FAIL" timestamp="20160224 16:50:00.337">  != usage: java VolumeCalculator length width height
VolumeCalcultor.java: error: argument width: invalid float value: something</msg>
<status endtime="20160224 16:50:00.349" starttime="20160224 16:50:00.215" status="FAIL"></status>
</kw>
<status critical="yes" endtime="20160224 16:50:00.393" starttime="20160224 16:49:59.917" status="FAIL">  != usage: java VolumeCalculator length width height
VolumeCalcultor.java: error: argument width: invalid float value: something</status>
</test>
<status endtime="20160224 16:50:00.555" starttime="20160224 16:49:50.847" status="FAIL"></status>
</suite>
<statistics>
<total>
<stat pass="4" fail="1">Critical Tests</stat>
<stat pass="4" fail="1">All Tests</stat>
</total>
<tag>
</tag>
<suite>
<stat pass="4" fail="1" name="ArgsParserTests" id="s1">ArgsParserTests</stat>
</suite>
</statistics>
<errors>
</errors>
</robot>
