<?xml version="1.0" encoding="UTF-8"?>
<robot generator="Robot 3.0 (Jython 2.7.0 on java1.8.0_45)" generated="20160216 16:23:05.480">
<suite source="D:\gitHub\CS310-Software-Engineering-I\acceptance\ArgsParserTests.txt" name="ArgsParserTests" id="s1">
<test name="Test Volume Calculator Normal Function" id="s1-t1">
<kw library="ArgsParserKeywords" name="Start Volume Calculator With Arguments">
<arguments>
<arg>7</arg>
<arg>5</arg>
<arg>2</arg>
</arguments>
<status endtime="20160216 16:23:06.205" starttime="20160216 16:23:06.184" status="PASS"></status>
</kw>
<kw library="ArgsParserKeywords" name="Get Length">
<assign>
<var>${length}</var>
</assign>
<msg level="INFO" timestamp="20160216 16:23:06.222">${length} = 7</msg>
<status endtime="20160216 16:23:06.225" starttime="20160216 16:23:06.211" status="PASS"></status>
</kw>
<kw library="BuiltIn" name="Should Be Equal">
<doc>Fails if the given objects are unequal.</doc>
<arguments>
<arg>7</arg>
<arg>${length}</arg>
</arguments>
<status endtime="20160216 16:23:06.245" starttime="20160216 16:23:06.235" status="PASS"></status>
</kw>
<kw library="ArgsParserKeywords" name="Get Width">
<assign>
<var>${width}</var>
</assign>
<msg level="INFO" timestamp="20160216 16:23:06.258">${width} = 5</msg>
<status endtime="20160216 16:23:06.259" starttime="20160216 16:23:06.251" status="PASS"></status>
</kw>
<kw library="BuiltIn" name="Should Be Equal">
<doc>Fails if the given objects are unequal.</doc>
<arguments>
<arg>5</arg>
<arg>${width}</arg>
</arguments>
<status endtime="20160216 16:23:06.290" starttime="20160216 16:23:06.270" status="PASS"></status>
</kw>
<kw library="ArgsParserKeywords" name="Get Height">
<assign>
<var>${height}</var>
</assign>
<msg level="INFO" timestamp="20160216 16:23:06.300">${height} = 2</msg>
<status endtime="20160216 16:23:06.301" starttime="20160216 16:23:06.296" status="PASS"></status>
</kw>
<kw library="BuiltIn" name="Should Be Equal">
<doc>Fails if the given objects are unequal.</doc>
<arguments>
<arg>2</arg>
<arg>${height}</arg>
</arguments>
<status endtime="20160216 16:23:06.313" starttime="20160216 16:23:06.306" status="PASS"></status>
</kw>
<kw library="ArgsParserKeywords" name="Get Program Output">
<assign>
<var>${output}</var>
</assign>
<msg level="INFO" timestamp="20160216 16:23:06.321">${output} = 70.0</msg>
<status endtime="20160216 16:23:06.322" starttime="20160216 16:23:06.317" status="PASS"></status>
</kw>
<kw library="BuiltIn" name="Should Be Equal">
<doc>Fails if the given objects are unequal.</doc>
<arguments>
<arg>${output}</arg>
<arg>70.0</arg>
</arguments>
<status endtime="20160216 16:23:06.338" starttime="20160216 16:23:06.330" status="PASS"></status>
</kw>
<status critical="yes" endtime="20160216 16:23:06.345" starttime="20160216 16:23:06.171" status="PASS"></status>
</test>
<test name="Test Unrecognized Argument" id="s1-t2">
<kw library="ArgsParserKeywords" name="Start Volume Calculator With Arguments">
<arguments>
<arg>7</arg>
<arg>5</arg>
<arg>2</arg>
<arg>43</arg>
</arguments>
<msg level="INFO" timestamp="20160216 16:23:06.380">usage: java VolumeCalculator length width height
VolumeCalculator.java: error: unrecognized arguments: 43</msg>
<status endtime="20160216 16:23:06.384" starttime="20160216 16:23:06.369" status="PASS"></status>
</kw>
<kw library="ArgsParserKeywords" name="Get Program Output">
<assign>
<var>${output}</var>
</assign>
<msg level="INFO" timestamp="20160216 16:23:06.395">${output} = usage: java VolumeCalculator length width height
VolumeCalculator.java: error: unrecognized arguments: 43</msg>
<status endtime="20160216 16:23:06.397" starttime="20160216 16:23:06.388" status="PASS"></status>
</kw>
<kw library="BuiltIn" name="Should Be Equal">
<doc>Fails if the given objects are unequal.</doc>
<arguments>
<arg>${output}</arg>
<arg>${expected}</arg>
</arguments>
<status endtime="20160216 16:23:06.411" starttime="20160216 16:23:06.404" status="PASS"></status>
</kw>
<status critical="yes" endtime="20160216 16:23:06.419" starttime="20160216 16:23:06.356" status="PASS"></status>
</test>
<test name="Test Absurd Program Normal Function" id="s1-t3">
<kw library="ArgsParserKeywords" name="Start Absurd Program With Arguments">
<arguments>
<arg>dog</arg>
<arg>2</arg>
<arg>true</arg>
<arg>3.5</arg>
</arguments>
<status endtime="20160216 16:23:06.438" starttime="20160216 16:23:06.433" status="PASS"></status>
</kw>
<kw library="ArgsParserKeywords" name="Get Pet">
<assign>
<var>${pet}</var>
</assign>
<msg level="INFO" timestamp="20160216 16:23:06.444">${pet} = dog</msg>
<status endtime="20160216 16:23:06.447" starttime="20160216 16:23:06.440" status="PASS"></status>
</kw>
<kw library="BuiltIn" name="Should Be Equal">
<doc>Fails if the given objects are unequal.</doc>
<arguments>
<arg>dog</arg>
<arg>${pet}</arg>
</arguments>
<status endtime="20160216 16:23:06.463" starttime="20160216 16:23:06.453" status="PASS"></status>
</kw>
<kw library="ArgsParserKeywords" name="Get Number">
<assign>
<var>${number}</var>
</assign>
<msg level="INFO" timestamp="20160216 16:23:06.485">${number} = 2</msg>
<status endtime="20160216 16:23:06.486" starttime="20160216 16:23:06.473" status="PASS"></status>
</kw>
<kw library="BuiltIn" name="Should Be Equal">
<doc>Fails if the given objects are unequal.</doc>
<arguments>
<arg>2</arg>
<arg>${number}</arg>
</arguments>
<status endtime="20160216 16:23:06.497" starttime="20160216 16:23:06.489" status="PASS"></status>
</kw>
<kw library="ArgsParserKeywords" name="Get Rainy">
<assign>
<var>${rainy}</var>
</assign>
<msg level="INFO" timestamp="20160216 16:23:06.513">${rainy} = true</msg>
<status endtime="20160216 16:23:06.517" starttime="20160216 16:23:06.503" status="PASS"></status>
</kw>
<kw library="BuiltIn" name="Should Be Equal">
<doc>Fails if the given objects are unequal.</doc>
<arguments>
<arg>true</arg>
<arg>${rainy}</arg>
</arguments>
<status endtime="20160216 16:23:06.558" starttime="20160216 16:23:06.544" status="PASS"></status>
</kw>
<kw library="ArgsParserKeywords" name="Get Bathrooms">
<assign>
<var>${bathrooms}</var>
</assign>
<msg level="INFO" timestamp="20160216 16:23:06.580">${bathrooms} = 3.5</msg>
<status endtime="20160216 16:23:06.581" starttime="20160216 16:23:06.569" status="PASS"></status>
</kw>
<kw library="BuiltIn" name="Should Be Equal">
<doc>Fails if the given objects are unequal.</doc>
<arguments>
<arg>3.5</arg>
<arg>${bathrooms}</arg>
</arguments>
<status endtime="20160216 16:23:06.601" starttime="20160216 16:23:06.585" status="PASS"></status>
</kw>
<status critical="yes" endtime="20160216 16:23:06.609" starttime="20160216 16:23:06.426" status="PASS"></status>
</test>
<test name="Test Usage Message" id="s1-t4">
<kw library="ArgsParserKeywords" name="Start Program With Arguments">
<arguments>
<arg>-h</arg>
</arguments>
<msg level="INFO" timestamp="20160216 16:23:06.635">usage: java VolumeCalculator length width height
Calculate the volume of a box.
positional arguments:
length the length of the box (float)
width the width of the box(float)
height the height of the box(float)</msg>
<status endtime="20160216 16:23:06.638" starttime="20160216 16:23:06.620" status="PASS"></status>
</kw>
<kw library="ArgsParserKeywords" name="Get Program Output">
<assign>
<var>${output}</var>
</assign>
<msg level="INFO" timestamp="20160216 16:23:06.647">${output} = usage: java VolumeCalculator length width height
Calculate the volume of a box.
positional arguments:
length the length of the box (float)
width the width of the box(float)
height the height of the bo...</msg>
<status endtime="20160216 16:23:06.649" starttime="20160216 16:23:06.641" status="PASS"></status>
</kw>
<kw library="BuiltIn" name="Should Be Equal">
<doc>Fails if the given objects are unequal.</doc>
<arguments>
<arg>${expected2}</arg>
<arg>${output}</arg>
</arguments>
<status endtime="20160216 16:23:06.661" starttime="20160216 16:23:06.655" status="PASS"></status>
</kw>
<status critical="yes" endtime="20160216 16:23:06.665" starttime="20160216 16:23:06.614" status="PASS"></status>
</test>
<status endtime="20160216 16:23:06.685" starttime="20160216 16:23:05.507" status="PASS"></status>
</suite>
<statistics>
<total>
<stat pass="4" fail="0">Critical Tests</stat>
<stat pass="4" fail="0">All Tests</stat>
</total>
<tag>
</tag>
<suite>
<stat pass="4" fail="0" name="ArgsParserTests" id="s1">ArgsParserTests</stat>
</suite>
</statistics>
<errors>
</errors>
</robot>
