<?xml version="1.0" encoding="UTF-8"?>
<robot generator="Robot 3.0 (Jython 2.7.0 on java1.8.0_60)" generated="20160223 16:35:17.768">
<suite source="C:\Users\adam\Documents\Computer Science\Software Engineering\CS310-Software-Engineering-I\acceptance\ArgsParserTests.txt" name="ArgsParserTests" id="s1">
<test name="Test Volume Calculator Normal Function" id="s1-t1">
<kw library="ArgsParserKeywords" name="Start Volume Calculator With Arguments">
<arguments>
<arg>7</arg>
<arg>5</arg>
<arg>2</arg>
</arguments>
<status endtime="20160223 16:35:19.346" starttime="20160223 16:35:19.294" status="PASS"></status>
</kw>
<kw library="ArgsParserKeywords" name="Get Length">
<assign>
<var>${length}</var>
</assign>
<msg level="INFO" timestamp="20160223 16:35:19.375">${length} = 7</msg>
<status endtime="20160223 16:35:19.385" starttime="20160223 16:35:19.362" status="PASS"></status>
</kw>
<kw library="BuiltIn" name="Should Be Equal">
<doc>Fails if the given objects are unequal.</doc>
<arguments>
<arg>7</arg>
<arg>${length}</arg>
</arguments>
<status endtime="20160223 16:35:19.413" starttime="20160223 16:35:19.391" status="PASS"></status>
</kw>
<kw library="ArgsParserKeywords" name="Get Width">
<assign>
<var>${width}</var>
</assign>
<msg level="INFO" timestamp="20160223 16:35:19.461">${width} = 5</msg>
<status endtime="20160223 16:35:19.464" starttime="20160223 16:35:19.419" status="PASS"></status>
</kw>
<kw library="BuiltIn" name="Should Be Equal">
<doc>Fails if the given objects are unequal.</doc>
<arguments>
<arg>5</arg>
<arg>${width}</arg>
</arguments>
<status endtime="20160223 16:35:19.499" starttime="20160223 16:35:19.471" status="PASS"></status>
</kw>
<kw library="ArgsParserKeywords" name="Get Height">
<assign>
<var>${height}</var>
</assign>
<msg level="INFO" timestamp="20160223 16:35:19.534">${height} = 2</msg>
<status endtime="20160223 16:35:19.537" starttime="20160223 16:35:19.518" status="PASS"></status>
</kw>
<kw library="BuiltIn" name="Should Be Equal">
<doc>Fails if the given objects are unequal.</doc>
<arguments>
<arg>2</arg>
<arg>${height}</arg>
</arguments>
<status endtime="20160223 16:35:19.584" starttime="20160223 16:35:19.551" status="PASS"></status>
</kw>
<kw library="ArgsParserKeywords" name="Get Program Output">
<assign>
<var>${output}</var>
</assign>
<msg level="INFO" timestamp="20160223 16:35:19.604">${output} = 70.0</msg>
<status endtime="20160223 16:35:19.608" starttime="20160223 16:35:19.591" status="PASS"></status>
</kw>
<kw library="BuiltIn" name="Should Be Equal">
<doc>Fails if the given objects are unequal.</doc>
<arguments>
<arg>${output}</arg>
<arg>70.0</arg>
</arguments>
<status endtime="20160223 16:35:19.627" starttime="20160223 16:35:19.613" status="PASS"></status>
</kw>
<status critical="yes" endtime="20160223 16:35:19.666" starttime="20160223 16:35:19.267" status="PASS"></status>
</test>
<test name="Test Unrecognized Argument" id="s1-t2">
<kw library="ArgsParserKeywords" name="Start Volume Calculator With Arguments">
<arguments>
<arg>7</arg>
<arg>5</arg>
<arg>2</arg>
<arg>43</arg>
</arguments>
<status endtime="20160223 16:35:19.751" starttime="20160223 16:35:19.729" status="PASS"></status>
</kw>
<kw library="ArgsParserKeywords" name="Get Program Output">
<assign>
<var>${output}</var>
</assign>
<msg level="INFO" timestamp="20160223 16:35:19.779">${output} = 70.0</msg>
<status endtime="20160223 16:35:19.787" starttime="20160223 16:35:19.757" status="PASS"></status>
</kw>
<kw library="BuiltIn" name="Should Be Equal">
<doc>Fails if the given objects are unequal.</doc>
<arguments>
<arg>${output}</arg>
<arg>${expected}</arg>
</arguments>
<msg level="FAIL" timestamp="20160223 16:35:19.817">70.0 != usage: java VolumeCalculator length width height
VolumeCalculator.java: error: unrecognized arguments: 43</msg>
<status endtime="20160223 16:35:19.827" starttime="20160223 16:35:19.796" status="FAIL"></status>
</kw>
<status critical="yes" endtime="20160223 16:35:19.835" starttime="20160223 16:35:19.710" status="FAIL">70.0 != usage: java VolumeCalculator length width height
VolumeCalculator.java: error: unrecognized arguments: 43</status>
</test>
<test name="Test Absurd Program Normal Function" id="s1-t3">
<kw library="ArgsParserKeywords" name="Start Absurd Program With Arguments">
<arguments>
<arg>dog</arg>
<arg>2</arg>
<arg>true</arg>
<arg>3.5</arg>
</arguments>
<status endtime="20160223 16:35:19.937" starttime="20160223 16:35:19.908" status="PASS"></status>
</kw>
<kw library="ArgsParserKeywords" name="Get Pet">
<assign>
<var>${pet}</var>
</assign>
<msg level="INFO" timestamp="20160223 16:35:19.966">${pet} = dog</msg>
<status endtime="20160223 16:35:19.970" starttime="20160223 16:35:19.946" status="PASS"></status>
</kw>
<kw library="BuiltIn" name="Should Be Equal">
<doc>Fails if the given objects are unequal.</doc>
<arguments>
<arg>dog</arg>
<arg>${pet}</arg>
</arguments>
<status endtime="20160223 16:35:20.012" starttime="20160223 16:35:19.985" status="PASS"></status>
</kw>
<kw library="ArgsParserKeywords" name="Get Number">
<assign>
<var>${number}</var>
</assign>
<msg level="INFO" timestamp="20160223 16:35:20.056">${number} = 2</msg>
<status endtime="20160223 16:35:20.064" starttime="20160223 16:35:20.043" status="PASS"></status>
</kw>
<kw library="BuiltIn" name="Should Be Equal">
<doc>Fails if the given objects are unequal.</doc>
<arguments>
<arg>2</arg>
<arg>${number}</arg>
</arguments>
<status endtime="20160223 16:35:20.087" starttime="20160223 16:35:20.071" status="PASS"></status>
</kw>
<kw library="ArgsParserKeywords" name="Get Rainy">
<assign>
<var>${rainy}</var>
</assign>
<msg level="INFO" timestamp="20160223 16:35:20.116">${rainy} = true</msg>
<status endtime="20160223 16:35:20.129" starttime="20160223 16:35:20.096" status="PASS"></status>
</kw>
<kw library="BuiltIn" name="Should Be Equal">
<doc>Fails if the given objects are unequal.</doc>
<arguments>
<arg>true</arg>
<arg>${rainy}</arg>
</arguments>
<status endtime="20160223 16:35:20.160" starttime="20160223 16:35:20.141" status="PASS"></status>
</kw>
<kw library="ArgsParserKeywords" name="Get Bathrooms">
<assign>
<var>${bathrooms}</var>
</assign>
<msg level="INFO" timestamp="20160223 16:35:20.183">${bathrooms} = 3.5</msg>
<status endtime="20160223 16:35:20.186" starttime="20160223 16:35:20.168" status="PASS"></status>
</kw>
<kw library="BuiltIn" name="Should Be Equal">
<doc>Fails if the given objects are unequal.</doc>
<arguments>
<arg>3.5</arg>
<arg>${bathrooms}</arg>
</arguments>
<status endtime="20160223 16:35:20.238" starttime="20160223 16:35:20.221" status="PASS"></status>
</kw>
<status critical="yes" endtime="20160223 16:35:20.267" starttime="20160223 16:35:19.886" status="PASS"></status>
</test>
<test name="Test Usage Message" id="s1-t4">
<kw library="ArgsParserKeywords" name="Start Program With Arguments">
<arguments>
<arg>-h</arg>
</arguments>
<msg level="INFO" timestamp="20160223 16:35:20.340">usage: java VolumeCalculator length width heightVolumeCalculator.java: error: the following arguments are required: width height</msg>
<msg level="FAIL" timestamp="20160223 16:35:20.408">TooFewArgsException</msg>
<status endtime="20160223 16:35:20.418" starttime="20160223 16:35:20.327" status="FAIL"></status>
</kw>
<status critical="yes" endtime="20160223 16:35:20.430" starttime="20160223 16:35:20.310" status="FAIL">TooFewArgsException</status>
</test>
<test name="Test Incorrect Datatype Message" id="s1-t5">
<kw library="ArgsParserKeywords" name="Start Program With Arguments">
<arguments>
<arg>7</arg>
<arg>something</arg>
<arg>2</arg>
</arguments>
<status endtime="20160223 16:35:20.485" starttime="20160223 16:35:20.468" status="PASS"></status>
</kw>
<kw library="ArgsParserKeywords" name="Get Program Output">
<assign>
<var>${output}</var>
</assign>
<msg level="INFO" timestamp="20160223 16:35:20.520">${output} =  </msg>
<status endtime="20160223 16:35:20.524" starttime="20160223 16:35:20.495" status="PASS"></status>
</kw>
<kw library="BuiltIn" name="Should Be Equal">
<doc>Fails if the given objects are unequal.</doc>
<arguments>
<arg>${output}</arg>
<arg>${expected3}</arg>
</arguments>
<msg level="FAIL" timestamp="20160223 16:35:20.550">  != usage: java VolumeCalculator length width height
VolumeCalcultor.java: error: argument width: invalid float value: something</msg>
<status endtime="20160223 16:35:20.554" starttime="20160223 16:35:20.530" status="FAIL"></status>
</kw>
<status critical="yes" endtime="20160223 16:35:20.561" starttime="20160223 16:35:20.456" status="FAIL">  != usage: java VolumeCalculator length width height
VolumeCalcultor.java: error: argument width: invalid float value: something</status>
</test>
<status endtime="20160223 16:35:20.647" starttime="20160223 16:35:17.809" status="FAIL"></status>
</suite>
<statistics>
<total>
<stat pass="2" fail="3">Critical Tests</stat>
<stat pass="2" fail="3">All Tests</stat>
</total>
<tag>
</tag>
<suite>
<stat pass="2" fail="3" name="ArgsParserTests" id="s1">ArgsParserTests</stat>
</suite>
</statistics>
<errors>
</errors>
</robot>
