<?xml version="1.0" encoding="UTF-8"?>
<robot generator="Robot 3.0 (Jython 2.7.0 on java1.8.0_60)" generated="20160216 16:46:36.353">
<suite source="C:\Users\adam\Documents\Computer Science\Software Engineering\CS310-Software-Engineering-I\acceptance\ArgsParserTests.txt" name="ArgsParserTests" id="s1">
<test name="Test Volume Calculator Normal Function" id="s1-t1">
<kw library="ArgsParserKeywords" name="Start Volume Calculator With Arguments">
<arguments>
<arg>7</arg>
<arg>5</arg>
<arg>2</arg>
</arguments>
<status endtime="20160216 16:46:38.395" starttime="20160216 16:46:38.371" status="PASS"></status>
</kw>
<kw library="ArgsParserKeywords" name="Get Length">
<assign>
<var>${length}</var>
</assign>
<msg level="INFO" timestamp="20160216 16:46:38.455">${length} = 7</msg>
<status endtime="20160216 16:46:38.460" starttime="20160216 16:46:38.408" status="PASS"></status>
</kw>
<kw library="BuiltIn" name="Should Be Equal">
<doc>Fails if the given objects are unequal.</doc>
<arguments>
<arg>7</arg>
<arg>${length}</arg>
</arguments>
<status endtime="20160216 16:46:38.498" starttime="20160216 16:46:38.470" status="PASS"></status>
</kw>
<kw library="ArgsParserKeywords" name="Get Width">
<assign>
<var>${width}</var>
</assign>
<msg level="INFO" timestamp="20160216 16:46:38.549">${width} = 5</msg>
<status endtime="20160216 16:46:38.552" starttime="20160216 16:46:38.514" status="PASS"></status>
</kw>
<kw library="BuiltIn" name="Should Be Equal">
<doc>Fails if the given objects are unequal.</doc>
<arguments>
<arg>5</arg>
<arg>${width}</arg>
</arguments>
<status endtime="20160216 16:46:38.587" starttime="20160216 16:46:38.561" status="PASS"></status>
</kw>
<kw library="ArgsParserKeywords" name="Get Height">
<assign>
<var>${height}</var>
</assign>
<msg level="INFO" timestamp="20160216 16:46:38.634">${height} = 2</msg>
<status endtime="20160216 16:46:38.647" starttime="20160216 16:46:38.600" status="PASS"></status>
</kw>
<kw library="BuiltIn" name="Should Be Equal">
<doc>Fails if the given objects are unequal.</doc>
<arguments>
<arg>2</arg>
<arg>${height}</arg>
</arguments>
<status endtime="20160216 16:46:38.727" starttime="20160216 16:46:38.662" status="PASS"></status>
</kw>
<kw library="ArgsParserKeywords" name="Get Program Output">
<assign>
<var>${output}</var>
</assign>
<msg level="INFO" timestamp="20160216 16:46:38.780">${output} = 70.0</msg>
<status endtime="20160216 16:46:38.784" starttime="20160216 16:46:38.758" status="PASS"></status>
</kw>
<kw library="BuiltIn" name="Should Be Equal">
<doc>Fails if the given objects are unequal.</doc>
<arguments>
<arg>${output}</arg>
<arg>70.0</arg>
</arguments>
<status endtime="20160216 16:46:38.855" starttime="20160216 16:46:38.800" status="PASS"></status>
</kw>
<status critical="yes" endtime="20160216 16:46:38.881" starttime="20160216 16:46:38.350" status="PASS"></status>
</test>
<test name="Test Unrecognized Argument" id="s1-t2">
<kw library="ArgsParserKeywords" name="Start Volume Calculator With Arguments">
<arguments>
<arg>7</arg>
<arg>5</arg>
<arg>2</arg>
<arg>43</arg>
</arguments>
<msg level="INFO" timestamp="20160216 16:46:38.992">usage: java VolumeCalculator length width height
VolumeCalculator.java: error: unrecognized arguments: 43</msg>
<status endtime="20160216 16:46:39.008" starttime="20160216 16:46:38.960" status="PASS"></status>
</kw>
<kw library="ArgsParserKeywords" name="Get Program Output">
<assign>
<var>${output}</var>
</assign>
<msg level="INFO" timestamp="20160216 16:46:39.055">${output} = usage: java VolumeCalculator length width height
VolumeCalculator.java: error: unrecognized arguments: 43</msg>
<status endtime="20160216 16:46:39.061" starttime="20160216 16:46:39.033" status="PASS"></status>
</kw>
<kw library="BuiltIn" name="Should Be Equal">
<doc>Fails if the given objects are unequal.</doc>
<arguments>
<arg>${output}</arg>
<arg>${expected}</arg>
</arguments>
<status endtime="20160216 16:46:39.101" starttime="20160216 16:46:39.074" status="PASS"></status>
</kw>
<status critical="yes" endtime="20160216 16:46:39.114" starttime="20160216 16:46:38.929" status="PASS"></status>
</test>
<test name="Test Absurd Program Normal Function" id="s1-t3">
<kw library="ArgsParserKeywords" name="Start Absurd Program With Arguments">
<arguments>
<arg>dog</arg>
<arg>2</arg>
<arg>true</arg>
<arg>3.5</arg>
</arguments>
<status endtime="20160216 16:46:39.339" starttime="20160216 16:46:39.211" status="PASS"></status>
</kw>
<kw library="ArgsParserKeywords" name="Get Pet">
<assign>
<var>${pet}</var>
</assign>
<msg level="INFO" timestamp="20160216 16:46:39.384">${pet} = dog</msg>
<status endtime="20160216 16:46:39.401" starttime="20160216 16:46:39.350" status="PASS"></status>
</kw>
<kw library="BuiltIn" name="Should Be Equal">
<doc>Fails if the given objects are unequal.</doc>
<arguments>
<arg>dog</arg>
<arg>${pet}</arg>
</arguments>
<status endtime="20160216 16:46:39.478" starttime="20160216 16:46:39.456" status="PASS"></status>
</kw>
<kw library="ArgsParserKeywords" name="Get Number">
<assign>
<var>${number}</var>
</assign>
<msg level="INFO" timestamp="20160216 16:46:39.539">${number} = 2</msg>
<status endtime="20160216 16:46:39.542" starttime="20160216 16:46:39.498" status="PASS"></status>
</kw>
<kw library="BuiltIn" name="Should Be Equal">
<doc>Fails if the given objects are unequal.</doc>
<arguments>
<arg>2</arg>
<arg>${number}</arg>
</arguments>
<status endtime="20160216 16:46:39.571" starttime="20160216 16:46:39.551" status="PASS"></status>
</kw>
<kw library="ArgsParserKeywords" name="Get Rainy">
<assign>
<var>${rainy}</var>
</assign>
<msg level="INFO" timestamp="20160216 16:46:39.597">${rainy} = true</msg>
<status endtime="20160216 16:46:39.600" starttime="20160216 16:46:39.579" status="PASS"></status>
</kw>
<kw library="BuiltIn" name="Should Be Equal">
<doc>Fails if the given objects are unequal.</doc>
<arguments>
<arg>true</arg>
<arg>${rainy}</arg>
</arguments>
<status endtime="20160216 16:46:39.720" starttime="20160216 16:46:39.649" status="PASS"></status>
</kw>
<kw library="ArgsParserKeywords" name="Get Bathrooms">
<assign>
<var>${bathrooms}</var>
</assign>
<msg level="INFO" timestamp="20160216 16:46:39.759">${bathrooms} = 3.5</msg>
<status endtime="20160216 16:46:39.761" starttime="20160216 16:46:39.752" status="PASS"></status>
</kw>
<kw library="BuiltIn" name="Should Be Equal">
<doc>Fails if the given objects are unequal.</doc>
<arguments>
<arg>3.5</arg>
<arg>${bathrooms}</arg>
</arguments>
<status endtime="20160216 16:46:39.788" starttime="20160216 16:46:39.769" status="PASS"></status>
</kw>
<status critical="yes" endtime="20160216 16:46:39.813" starttime="20160216 16:46:39.175" status="PASS"></status>
</test>
<test name="Test Usage Message" id="s1-t4">
<kw library="ArgsParserKeywords" name="Start Program With Arguments">
<arguments>
<arg>-h</arg>
</arguments>
<msg level="INFO" timestamp="20160216 16:46:39.875">usage: java VolumeCalculator length width height
Calculate the volume of a box.
positional arguments:
length the length of the box (float)
width the width of the box(float)
height the height of the box(float)</msg>
<status endtime="20160216 16:46:39.879" starttime="20160216 16:46:39.868" status="PASS"></status>
</kw>
<kw library="ArgsParserKeywords" name="Get Program Output">
<assign>
<var>${output}</var>
</assign>
<msg level="INFO" timestamp="20160216 16:46:39.895">${output} = usage: java VolumeCalculator length width height
Calculate the volume of a box.
positional arguments:
length the length of the box (float)
width the width of the box(float)
height the height of the bo...</msg>
<status endtime="20160216 16:46:39.918" starttime="20160216 16:46:39.884" status="PASS"></status>
</kw>
<kw library="BuiltIn" name="Should Be Equal">
<doc>Fails if the given objects are unequal.</doc>
<arguments>
<arg>${expected2}</arg>
<arg>${output}</arg>
</arguments>
<status endtime="20160216 16:46:39.968" starttime="20160216 16:46:39.951" status="PASS"></status>
</kw>
<status critical="yes" endtime="20160216 16:46:39.973" starttime="20160216 16:46:39.858" status="PASS"></status>
</test>
<status endtime="20160216 16:46:40.065" starttime="20160216 16:46:36.390" status="PASS"></status>
</suite>
<statistics>
<total>
<stat pass="4" fail="0">Critical Tests</stat>
<stat pass="4" fail="0">All Tests</stat>
</total>
<tag>
</tag>
<suite>
<stat pass="4" fail="0" name="ArgsParserTests" id="s1">ArgsParserTests</stat>
</suite>
</statistics>
<errors>
</errors>
</robot>
